<?xml version="1.0" encoding="UTF-8" ?>
<testsuite tests="49" failures="2" name="testRunner.TestRun" time="0.32" errors="2" skipped="8">
  <properties>
[...]
</properties>
  <testcase classname="Scenario: Add Employee" name="Given User Launch Chrome Browser" time="0.004"/>
  <testcase classname="Scenario: Add Employee" name="When User opens URL &quot;http://166.62.36.207/humanresources/symfony/web/index.php/auth/login&quot;" time="0.001"/>
  <testcase classname="Scenario: Add Employee" name="And User enters UserName as &quot;Admin&quot; and Password as &quot;Hum@nhrm123&quot;" time="0"/>
  <testcase classname="Scenario: Add Employee" name="And Click on Login" time="0"/>
  <testcase classname="Scenario: Add Employee" name="When Click on Add Employee" time="0"/>
  <testcase classname="Scenario: Add Employee" name="Then Enter employee details and click save" time="0"/>
  <testcase classname="Scenario: Add Employee" name="And Click on Welcome" time="0"/>
  <testcase classname="Scenario: Add Employee" name="When User click on Log out link" time="0"/>
  <testcase classname="Scenario: Add Employee" name="Then Logout Title should be &quot;LOGIN Panel&quot;" time="0"/>
  <testcase classname="Scenario: Add Employee" name="And close browser" time="0"/>
  <testcase classname="Scenario: Add Employee" name="Scenario: Add Employee" time="0.001"/>
  <testcase classname="Scenario: Search Customer By Name" name="Given User Launch Chrome Browser" time="0"/>
  <testcase classname="Scenario: Search Customer By Name" name="When User opens URL &quot;http://166.62.36.207/humanresources/symfony/web/index.php/auth/login&quot;" time="0.001"/>
  <testcase classname="Scenario: Search Customer By Name" name="And User enters UserName as &quot;Admin&quot; and Password as &quot;Hum@nhrm123&quot;" time="0"/>
  <testcase classname="Scenario: Search Customer By Name" name="And Click on Login" time="0"/>
  <testcase classname="Scenario: Search Customer By Name" name="When Click on Employee List" time="0.014">
    <error message="move target out of bounds
  (Session info: chrome=80.0.3987.149)
Build info: version: &apos;3.141.59&apos;, revision: &apos;e82be7d358&apos;, time: &apos;2018-11-14T08:17:03&apos;
System info: host: &apos;NORALOGY&apos;, ip: &apos;192.168.1.3&apos;, os.name: &apos;Windows 10&apos;, os.arch: &apos;amd64&apos;, os.version: &apos;10.0&apos;, java.version: &apos;1.8.0_212&apos;
Driver info: org.openqa.selenium.chrome.ChromeDriver
Capabilities {acceptInsecureCerts: false, browserName: chrome, browserVersion: 80.0.3987.149, chrome: {chromedriverVersion: 79.0.3945.36 (3582db32b3389..., userDataDir: C:\Users\zafer\AppData\Loca...}, goog:chromeOptions: {debuggerAddress: localhost:52250}, javascriptEnabled: true, networkConnectionEnabled: false, pageLoadStrategy: normal, platform: WINDOWS, platformName: WINDOWS, proxy: Proxy(), setWindowRect: true, strictFileInteractability: false, timeouts: {implicit: 0, pageLoad: 300000, script: 30000}, unhandledPromptBehavior: dismiss and notify}
Session ID: d06e68ad1886ae711596a65c3c5eef4e" type="org.openqa.selenium.interactions.MoveTargetOutOfBoundsException">org.openqa.selenium.interactions.MoveTargetOutOfBoundsException: move target out of bounds
  (Session info: chrome=80.0.3987.149)
Build info: version: &apos;3.141.59&apos;, revision: &apos;e82be7d358&apos;, time: &apos;2018-11-14T08:17:03&apos;
System info: host: &apos;NORALOGY&apos;, ip: &apos;192.168.1.3&apos;, os.name: &apos;Windows 10&apos;, os.arch: &apos;amd64&apos;, os.version: &apos;10.0&apos;, java.version: &apos;1.8.0_212&apos;
Driver info: org.openqa.selenium.chrome.ChromeDriver
Capabilities {acceptInsecureCerts: false, browserName: chrome, browserVersion: 80.0.3987.149, chrome: {chromedriverVersion: 79.0.3945.36 (3582db32b3389..., userDataDir: C:\Users\zafer\AppData\Loca...}, goog:chromeOptions: {debuggerAddress: localhost:52250}, javascriptEnabled: true, networkConnectionEnabled: false, pageLoadStrategy: normal, platform: WINDOWS, platformName: WINDOWS, proxy: Proxy(), setWindowRect: true, strictFileInteractability: false, timeouts: {implicit: 0, pageLoad: 300000, script: 30000}, unhandledPromptBehavior: dismiss and notify}
Session ID: d06e68ad1886ae711596a65c3c5eef4e
	at sun.reflect.NativeConstructorAccessorImpl.newInstance0(Native Method)
	at sun.reflect.NativeConstructorAccessorImpl.newInstance(NativeConstructorAccessorImpl.java:62)
	at sun.reflect.DelegatingConstructorAccessorImpl.newInstance(DelegatingConstructorAccessorImpl.java:45)
	at java.lang.reflect.Constructor.newInstance(Constructor.java:423)
	at org.openqa.selenium.remote.http.W3CHttpResponseCodec.createException(W3CHttpResponseCodec.java:187)
	at org.openqa.selenium.remote.http.W3CHttpResponseCodec.decode(W3CHttpResponseCodec.java:122)
	at org.openqa.selenium.remote.http.W3CHttpResponseCodec.decode(W3CHttpResponseCodec.java:49)
	at org.openqa.selenium.remote.HttpCommandExecutor.execute(HttpCommandExecutor.java:158)
	at org.openqa.selenium.remote.service.DriverCommandExecutor.execute(DriverCommandExecutor.java:83)
	at org.openqa.selenium.remote.RemoteWebDriver.execute(RemoteWebDriver.java:552)
	at org.openqa.selenium.remote.RemoteWebDriver.perform(RemoteWebDriver.java:618)
	at org.openqa.selenium.interactions.Actions$BuiltAction.perform(Actions.java:639)
	at utilities.CommonMethods.mouseOverAction(CommonMethods.java:102)
	at pageObjects.SearchCustomer.clickEmpList(SearchCustomer.java:70)
	at stepDefinitions.steps.click_on_Employee_List(steps.java:163)
	at ✽.When Click on Employee List(AddEmployee.feature:22)
</error>
    <system-out> INFO [main] (steps.java:160)- *****go to employee list*****
</system-out>
  </testcase>
  <testcase classname="Scenario: Search Customer By Name" name="Scenario: Search Customer By Name" time="0.015">
    <error message="move target out of bounds
  (Session info: chrome=80.0.3987.149)
Build info: version: &apos;3.141.59&apos;, revision: &apos;e82be7d358&apos;, time: &apos;2018-11-14T08:17:03&apos;
System info: host: &apos;NORALOGY&apos;, ip: &apos;192.168.1.3&apos;, os.name: &apos;Windows 10&apos;, os.arch: &apos;amd64&apos;, os.version: &apos;10.0&apos;, java.version: &apos;1.8.0_212&apos;
Driver info: org.openqa.selenium.chrome.ChromeDriver
Capabilities {acceptInsecureCerts: false, browserName: chrome, browserVersion: 80.0.3987.149, chrome: {chromedriverVersion: 79.0.3945.36 (3582db32b3389..., userDataDir: C:\Users\zafer\AppData\Loca...}, goog:chromeOptions: {debuggerAddress: localhost:52250}, javascriptEnabled: true, networkConnectionEnabled: false, pageLoadStrategy: normal, platform: WINDOWS, platformName: WINDOWS, proxy: Proxy(), setWindowRect: true, strictFileInteractability: false, timeouts: {implicit: 0, pageLoad: 300000, script: 30000}, unhandledPromptBehavior: dismiss and notify}
Session ID: d06e68ad1886ae711596a65c3c5eef4e" type="org.openqa.selenium.interactions.MoveTargetOutOfBoundsException">org.openqa.selenium.interactions.MoveTargetOutOfBoundsException: move target out of bounds
  (Session info: chrome=80.0.3987.149)
Build info: version: &apos;3.141.59&apos;, revision: &apos;e82be7d358&apos;, time: &apos;2018-11-14T08:17:03&apos;
System info: host: &apos;NORALOGY&apos;, ip: &apos;192.168.1.3&apos;, os.name: &apos;Windows 10&apos;, os.arch: &apos;amd64&apos;, os.version: &apos;10.0&apos;, java.version: &apos;1.8.0_212&apos;
Driver info: org.openqa.selenium.chrome.ChromeDriver
Capabilities {acceptInsecureCerts: false, browserName: chrome, browserVersion: 80.0.3987.149, chrome: {chromedriverVersion: 79.0.3945.36 (3582db32b3389..., userDataDir: C:\Users\zafer\AppData\Loca...}, goog:chromeOptions: {debuggerAddress: localhost:52250}, javascriptEnabled: true, networkConnectionEnabled: false, pageLoadStrategy: normal, platform: WINDOWS, platformName: WINDOWS, proxy: Proxy(), setWindowRect: true, strictFileInteractability: false, timeouts: {implicit: 0, pageLoad: 300000, script: 30000}, unhandledPromptBehavior: dismiss and notify}
Session ID: d06e68ad1886ae711596a65c3c5eef4e
	at sun.reflect.NativeConstructorAccessorImpl.newInstance0(Native Method)
	at sun.reflect.NativeConstructorAccessorImpl.newInstance(NativeConstructorAccessorImpl.java:62)
	at sun.reflect.DelegatingConstructorAccessorImpl.newInstance(DelegatingConstructorAccessorImpl.java:45)
	at java.lang.reflect.Constructor.newInstance(Constructor.java:423)
	at org.openqa.selenium.remote.http.W3CHttpResponseCodec.createException(W3CHttpResponseCodec.java:187)
	at org.openqa.selenium.remote.http.W3CHttpResponseCodec.decode(W3CHttpResponseCodec.java:122)
	at org.openqa.selenium.remote.http.W3CHttpResponseCodec.decode(W3CHttpResponseCodec.java:49)
	at org.openqa.selenium.remote.HttpCommandExecutor.execute(HttpCommandExecutor.java:158)
	at org.openqa.selenium.remote.service.DriverCommandExecutor.execute(DriverCommandExecutor.java:83)
	at org.openqa.selenium.remote.RemoteWebDriver.execute(RemoteWebDriver.java:552)
	at org.openqa.selenium.remote.RemoteWebDriver.perform(RemoteWebDriver.java:618)
	at org.openqa.selenium.interactions.Actions$BuiltAction.perform(Actions.java:639)
	at utilities.CommonMethods.mouseOverAction(CommonMethods.java:102)
	at pageObjects.SearchCustomer.clickEmpList(SearchCustomer.java:70)
	at stepDefinitions.steps.click_on_Employee_List(steps.java:163)
	at ✽.When Click on Employee List(AddEmployee.feature:22)
</error>
  </testcase>
  <testcase classname="Scenario: Search Customer By Name" name="Then Enter employee name and click search" time="0.026">
    <skipped/>
  </testcase>
  <testcase classname="Scenario: Search Customer By Name" name="And Click on Welcome search" time="0.031">
    <skipped/>
  </testcase>
  <testcase classname="Scenario: Search Customer By Name" name="When User click on Log out link" time="0.063">
    <skipped/>
  </testcase>
  <testcase classname="Scenario: Search Customer By Name" name="Then Logout Title should be &quot;LOGIN Panel&quot;" time="0.064">
    <skipped/>
  </testcase>
  <testcase classname="Scenario: Search Customer By Name" name="And close browser" time="0.065">
    <skipped/>
  </testcase>
  <testcase classname="Scenario: Successful login" name="Given User Launch Chrome Browser" time="0"/>
  <testcase classname="Scenario: Successful login" name="When User opens URL &quot;http://166.62.36.207/humanresources/symfony/web/index.php/auth/login&quot;" time="0"/>
  <testcase classname="Scenario: Successful login" name="And User enters UserName as &quot;Admin&quot; and Password as &quot;Hum@nhrm123&quot;" time="0"/>
  <testcase classname="Scenario: Successful login" name="And Click on Login" time="0"/>
  <testcase classname="Scenario: Successful login" name="Then Click on Welcome Menu" time="0"/>
  <testcase classname="Scenario: Successful login" name="When User click on Log out link" time="0"/>
  <testcase classname="Scenario: Successful login" name="Then Logout Title should be &quot;LOGIN Panel&quot;" time="0"/>
  <testcase classname="Scenario: Successful login" name="And close browser" time="0"/>
  <testcase classname="Scenario: Successful login" name="Scenario: Successful login" time="0.006"/>
  <testcase classname="| Admin | Hum@nhrm123 |" name="Given User Launch Chrome Browser" time="0"/>
  <testcase classname="| Admin | Hum@nhrm123 |" name="When User opens URL &quot;http://166.62.36.207/humanresources/symfony/web/index.php/auth/login&quot;" time="0.005"/>
  <testcase classname="| Admin | Hum@nhrm123 |" name="And User enters UserName as &quot;Admin&quot; and Password as &quot;Hum@nhrm123&quot;" time="0"/>
  <testcase classname="| Admin | Hum@nhrm123 |" name="And Click on Login" time="0"/>
  <testcase classname="| Admin | Hum@nhrm123 |" name="Then Click on Welcome Menu" time="0"/>
  <testcase classname="| Admin | Hum@nhrm123 |" name="When User click on Log out link" time="0"/>
  <testcase classname="| Admin | Hum@nhrm123 |" name="Then Logout Title should be &quot;LOGIN Panel&quot;" time="0.001"/>
  <testcase classname="| Admin | Hum@nhrm123 |" name="And close browser" time="0"/>
  <testcase classname="| Admin | Hum@nhrm123 |" name="| Admin | Hum@nhrm123 |" time="0.001"/>
  <testcase classname="| Admin | Hum@nhrm1231 |" name="Given User Launch Chrome Browser" time="0"/>
  <testcase classname="| Admin | Hum@nhrm1231 |" name="When User opens URL &quot;http://166.62.36.207/humanresources/symfony/web/index.php/auth/login&quot;" time="0"/>
  <testcase classname="| Admin | Hum@nhrm1231 |" name="And User enters UserName as &quot;Admin&quot; and Password as &quot;Hum@nhrm1231&quot;" time="0"/>
  <testcase classname="| Admin | Hum@nhrm1231 |" name="And Click on Login" time="0"/>
  <testcase classname="| Admin | Hum@nhrm1231 |" name="Then Click on Welcome Menu" time="0.001">
    <failure message="expected:&lt;...mfony/web/index.php/[auth/validateCredentials]&gt; but was:&lt;...mfony/web/index.php/[dashboard]&gt;" type="org.junit.ComparisonFailure">org.junit.ComparisonFailure: expected:&lt;...mfony/web/index.php/[auth/validateCredentials]&gt; but was:&lt;...mfony/web/index.php/[dashboard]&gt;
	at org.junit.Assert.assertEquals(Assert.java:115)
	at org.junit.Assert.assertEquals(Assert.java:144)
	at pageObjects.MainPage.clickWelcomeMenu(MainPage.java:37)
	at stepDefinitions.steps.click_on_Welcome_Menu(steps.java:78)
	at ✽.Then Click on Welcome Menu(Login.feature:18)
</failure>
    <system-out> INFO [main] (steps.java:75)- *****clicked the welcome menu*****
</system-out>
  </testcase>
  <testcase classname="| Admin | Hum@nhrm1231 |" name="| Admin | Hum@nhrm1231 |" time="0.001">
    <failure message="expected:&lt;...mfony/web/index.php/[auth/validateCredentials]&gt; but was:&lt;...mfony/web/index.php/[dashboard]&gt;" type="org.junit.ComparisonFailure">org.junit.ComparisonFailure: expected:&lt;...mfony/web/index.php/[auth/validateCredentials]&gt; but was:&lt;...mfony/web/index.php/[dashboard]&gt;
	at org.junit.Assert.assertEquals(Assert.java:115)
	at org.junit.Assert.assertEquals(Assert.java:144)
	at pageObjects.MainPage.clickWelcomeMenu(MainPage.java:37)
	at stepDefinitions.steps.click_on_Welcome_Menu(steps.java:78)
	at ✽.Then Click on Welcome Menu(Login.feature:18)
</failure>
  </testcase>
  <testcase classname="| Admin | Hum@nhrm1231 |" name="When User click on Log out link" time="0.006">
    <skipped/>
  </testcase>
  <testcase classname="| Admin | Hum@nhrm1231 |" name="Then Logout Title should be &quot;LOGIN Panel&quot;" time="0.007">
    <skipped/>
  </testcase>
  <testcase classname="| Admin | Hum@nhrm1231 |" name="And close browser" time="0.007">
    <skipped/>
  </testcase>
</testsuite>